<?xml version="1.0" encoding="UTF-8"?>
<!-- Generated by org.testng.reporters.JUnitXMLReporter -->
<testsuite ignored="0" hostname="Anakha" failures="0" tests="3" name="Default test" time="8.78" errors="0" timestamp="2026-01-30T14:38:12 IST">
  <testcase classname="testclass.HomepageTest" name="title" time="0.075"/>
  <testcase classname="testclass.HomepageTest" name="bkng" time="0.302"/>
  <testcase classname="testclass.HomepageTest" name="Check" time="1.231"/>
</testsuite> <!-- Default test -->
