<?xml version="1.0" encoding="UTF-8"?>
<!-- Generated by org.testng.reporters.JUnitXMLReporter -->
<testsuite ignored="0" hostname="Anakha" failures="0" tests="29" name="Test" time="63.32" errors="0" timestamp="2025-12-27T17:40:42 IST">
  <testcase classname="testclass.HomepageTest" name="title" time="0.073"/>
  <testcase classname="testclass.HomepageTest" name="bkng" time="0.277"/>
  <testcase classname="testclass.HomepageTest" name="Check" time="1.703"/>
  <testcase classname="testclass.BookingTest" name="title" time="0.052"/>
  <testcase classname="testclass.BookingTest" name="bkng" time="0.258"/>
  <testcase classname="testclass.BookingTest" name="Check" time="1.235"/>
  <testcase classname="testclass.BookingTest" name="dropdown1" time="0.421"/>
  <testcase classname="testclass.BookingTest" name="dropdown2" time="0.375"/>
  <testcase classname="testclass.BookingTest" name="dropdown3" time="0.417"/>
  <testcase classname="testclass.BookingTest" name="date" time="3.235"/>
  <testcase classname="testclass.BookingTest" name="date1" time="2.085"/>
  <testcase classname="testclass.BookingTest" name="date2" time="2.752"/>
  <testcase classname="testclass.BookingTest" name="search" time="0.342"/>
  <testcase classname="testclass.ConfirmationTest" name="title" time="0.058"/>
  <testcase classname="testclass.ConfirmationTest" name="bkng" time="0.305"/>
  <testcase classname="testclass.ConfirmationTest" name="Check" time="1.34"/>
  <testcase classname="testclass.ConfirmationTest" name="dropdown1" time="0.521"/>
  <testcase classname="testclass.ConfirmationTest" name="dropdown2" time="0.499"/>
  <testcase classname="testclass.ConfirmationTest" name="dropdown3" time="0.526"/>
  <testcase classname="testclass.ConfirmationTest" name="date" time="3.087"/>
  <testcase classname="testclass.ConfirmationTest" name="date1" time="1.583"/>
  <testcase classname="testclass.ConfirmationTest" name="date2" time="2.77"/>
  <testcase classname="testclass.ConfirmationTest" name="search" time="0.34"/>
  <testcase classname="testclass.ConfirmationTest" name="screenshot" time="3.48"/>
  <testcase classname="testclass.ConfirmationTest" name="booking" time="1.85"/>
  <testcase classname="testclass.ConfirmationTest" name="checkboxalert" time="0.414"/>
  <testcase classname="testclass.ConfirmationTest" name="alert" time="0.296"/>
  <testcase classname="testclass.ConfirmationTest" name="radio" time="0.363"/>
  <testcase classname="testclass.ConfirmationTest" name="screenshot2" time="3.773"/>
</testsuite> <!-- Test -->
