<?xml version="1.0" encoding="UTF-8"?>
<!-- Generated by org.testng.reporters.JUnitXMLReporter -->
<testsuite ignored="0" hostname="Anakha" failures="0" tests="28" name="Test" time="50.048" errors="0" timestamp="2026-01-30T14:45:01 IST">
  <testcase classname="testclass.HomepageTest" name="title" time="0.106"/>
  <testcase classname="testclass.HomepageTest" name="bkng" time="0.323"/>
  <testcase classname="testclass.HomepageTest" name="Check" time="1.483"/>
  <testcase classname="testclass.BookingTest" name="title" time="0.075"/>
  <testcase classname="testclass.BookingTest" name="bkng" time="0.432"/>
  <testcase classname="testclass.BookingTest" name="Check" time="1.815"/>
  <testcase classname="testclass.BookingTest" name="dropdown1" time="0.539"/>
  <testcase classname="testclass.BookingTest" name="dropdown2" time="0.5"/>
  <testcase classname="testclass.BookingTest" name="dropdown3" time="0.407"/>
  <testcase classname="testclass.BookingTest" name="date" time="2.605"/>
  <testcase classname="testclass.BookingTest" name="date1" time="1.567"/>
  <testcase classname="testclass.BookingTest" name="date2" time="2.135"/>
  <testcase classname="testclass.BookingTest" name="search" time="0.323"/>
  <testcase classname="testclass.ConfirmationTest" name="title" time="0.073"/>
  <testcase classname="testclass.ConfirmationTest" name="bkng" time="0.399"/>
  <testcase classname="testclass.ConfirmationTest" name="Check" time="1.321"/>
  <testcase classname="testclass.ConfirmationTest" name="dropdown1" time="0.465"/>
  <testcase classname="testclass.ConfirmationTest" name="dropdown2" time="0.41"/>
  <testcase classname="testclass.ConfirmationTest" name="dropdown3" time="0.475"/>
  <testcase classname="testclass.ConfirmationTest" name="date" time="2.285"/>
  <testcase classname="testclass.ConfirmationTest" name="date1" time="1.52"/>
  <testcase classname="testclass.ConfirmationTest" name="date2" time="2.165"/>
  <testcase classname="testclass.ConfirmationTest" name="search" time="0.328"/>
  <testcase classname="testclass.ConfirmationTest" name="screenshot" time="3.45"/>
  <testcase classname="testclass.ConfirmationTest" name="booking" time="2.991"/>
  <testcase classname="testclass.ConfirmationTest" name="checkboxalert" time="0.407"/>
  <testcase classname="testclass.ConfirmationTest" name="alert" time="0.297"/>
  <testcase classname="testclass.ConfirmationTest" name="screenshot2" time="3.481"/>
</testsuite> <!-- Test -->
