<?xml version="1.0" encoding="UTF-8"?>
<testng-results ignored="0" total="28" passed="28" failed="0" skipped="0">
  <reporter-output>
  </reporter-output>
  <suite started-at="2026-01-30T14:44:11 IST" name="Suite" finished-at="2026-01-30T14:45:01 IST" duration-ms="50048">
    <groups>
    </groups>
    <test started-at="2026-01-30T14:44:11 IST" name="Test" finished-at="2026-01-30T14:45:01 IST" duration-ms="50048">
      <class name="testclass.BookingTest">
        <test-method is-config="true" signature="setup()[pri:0, instance:testclass.BookingTest@247bddad]" started-at="2026-01-30T14:44:18 IST" name="setup" finished-at="2026-01-30T14:44:26 IST" duration-ms="7812" status="PASS">
          <reporter-output>
          </reporter-output>
        </test-method> <!-- setup -->
        <test-method is-config="true" signature="objmethod()[pri:0, instance:testclass.BookingTest@247bddad]" started-at="2026-01-30T14:44:26 IST" name="objmethod" finished-at="2026-01-30T14:44:26 IST" duration-ms="8" status="PASS">
          <reporter-output>
          </reporter-output>
        </test-method> <!-- objmethod -->
        <test-method signature="title()[pri:1, instance:testclass.BookingTest@247bddad]" started-at="2026-01-30T14:44:26 IST" name="title" finished-at="2026-01-30T14:44:26 IST" duration-ms="75" status="PASS">
          <reporter-output>
          </reporter-output>
        </test-method> <!-- title -->
        <test-method is-config="true" signature="objmethod()[pri:0, instance:testclass.BookingTest@247bddad]" started-at="2026-01-30T14:44:26 IST" name="objmethod" finished-at="2026-01-30T14:44:26 IST" duration-ms="7" status="PASS">
          <reporter-output>
          </reporter-output>
        </test-method> <!-- objmethod -->
        <test-method signature="bkng()[pri:2, instance:testclass.BookingTest@247bddad]" started-at="2026-01-30T14:44:26 IST" name="bkng" finished-at="2026-01-30T14:44:26 IST" duration-ms="432" status="PASS">
          <reporter-output>
          </reporter-output>
        </test-method> <!-- bkng -->
        <test-method signature="Check()[pri:3, instance:testclass.BookingTest@247bddad]" started-at="2026-01-30T14:44:26 IST" name="Check" finished-at="2026-01-30T14:44:28 IST" duration-ms="1815" status="PASS">
          <reporter-output>
          </reporter-output>
        </test-method> <!-- Check -->
        <test-method is-config="true" signature="objmethod()[pri:0, instance:testclass.BookingTest@247bddad]" started-at="2026-01-30T14:44:26 IST" name="objmethod" finished-at="2026-01-30T14:44:26 IST" duration-ms="0" status="PASS">
          <reporter-output>
          </reporter-output>
        </test-method> <!-- objmethod -->
        <test-method is-config="true" signature="objmethod()[pri:0, instance:testclass.BookingTest@247bddad]" started-at="2026-01-30T14:44:28 IST" name="objmethod" finished-at="2026-01-30T14:44:28 IST" duration-ms="4" status="PASS">
          <reporter-output>
          </reporter-output>
        </test-method> <!-- objmethod -->
        <test-method signature="dropdown1()[pri:4, instance:testclass.BookingTest@247bddad]" started-at="2026-01-30T14:44:28 IST" name="dropdown1" finished-at="2026-01-30T14:44:29 IST" duration-ms="539" status="PASS">
          <reporter-output>
          </reporter-output>
        </test-method> <!-- dropdown1 -->
        <test-method is-config="true" signature="objmethod()[pri:0, instance:testclass.BookingTest@247bddad]" started-at="2026-01-30T14:44:29 IST" name="objmethod" finished-at="2026-01-30T14:44:29 IST" duration-ms="9" status="PASS">
          <reporter-output>
          </reporter-output>
        </test-method> <!-- objmethod -->
        <test-method signature="dropdown2()[pri:5, instance:testclass.BookingTest@247bddad]" started-at="2026-01-30T14:44:29 IST" name="dropdown2" finished-at="2026-01-30T14:44:29 IST" duration-ms="500" status="PASS">
          <reporter-output>
          </reporter-output>
        </test-method> <!-- dropdown2 -->
        <test-method is-config="true" signature="objmethod()[pri:0, instance:testclass.BookingTest@247bddad]" started-at="2026-01-30T14:44:29 IST" name="objmethod" finished-at="2026-01-30T14:44:29 IST" duration-ms="8" status="PASS">
          <reporter-output>
          </reporter-output>
        </test-method> <!-- objmethod -->
        <test-method signature="dropdown3()[pri:6, instance:testclass.BookingTest@247bddad]" started-at="2026-01-30T14:44:29 IST" name="dropdown3" finished-at="2026-01-30T14:44:30 IST" duration-ms="407" status="PASS">
          <reporter-output>
          </reporter-output>
        </test-method> <!-- dropdown3 -->
        <test-method is-config="true" signature="objmethod()[pri:0, instance:testclass.BookingTest@247bddad]" started-at="2026-01-30T14:44:30 IST" name="objmethod" finished-at="2026-01-30T14:44:30 IST" duration-ms="8" status="PASS">
          <reporter-output>
          </reporter-output>
        </test-method> <!-- objmethod -->
        <test-method signature="date()[pri:7, instance:testclass.BookingTest@247bddad]" started-at="2026-01-30T14:44:30 IST" name="date" finished-at="2026-01-30T14:44:32 IST" duration-ms="2605" status="PASS">
          <reporter-output>
          </reporter-output>
        </test-method> <!-- date -->
        <test-method is-config="true" signature="objmethod()[pri:0, instance:testclass.BookingTest@247bddad]" started-at="2026-01-30T14:44:32 IST" name="objmethod" finished-at="2026-01-30T14:44:32 IST" duration-ms="7" status="PASS">
          <reporter-output>
          </reporter-output>
        </test-method> <!-- objmethod -->
        <test-method signature="date1()[pri:8, instance:testclass.BookingTest@247bddad]" started-at="2026-01-30T14:44:32 IST" name="date1" finished-at="2026-01-30T14:44:34 IST" duration-ms="1567" status="PASS">
          <reporter-output>
          </reporter-output>
        </test-method> <!-- date1 -->
        <test-method is-config="true" signature="objmethod()[pri:0, instance:testclass.BookingTest@247bddad]" started-at="2026-01-30T14:44:34 IST" name="objmethod" finished-at="2026-01-30T14:44:34 IST" duration-ms="6" status="PASS">
          <reporter-output>
          </reporter-output>
        </test-method> <!-- objmethod -->
        <test-method signature="date2()[pri:9, instance:testclass.BookingTest@247bddad]" started-at="2026-01-30T14:44:34 IST" name="date2" finished-at="2026-01-30T14:44:36 IST" duration-ms="2135" status="PASS">
          <reporter-output>
          </reporter-output>
        </test-method> <!-- date2 -->
        <test-method is-config="true" signature="objmethod()[pri:0, instance:testclass.BookingTest@247bddad]" started-at="2026-01-30T14:44:36 IST" name="objmethod" finished-at="2026-01-30T14:44:36 IST" duration-ms="5" status="PASS">
          <reporter-output>
          </reporter-output>
        </test-method> <!-- objmethod -->
        <test-method signature="search()[pri:10, instance:testclass.BookingTest@247bddad]" started-at="2026-01-30T14:44:36 IST" name="search" finished-at="2026-01-30T14:44:36 IST" duration-ms="323" status="PASS">
          <reporter-output>
          </reporter-output>
        </test-method> <!-- search -->
      </class> <!-- testclass.BookingTest -->
      <class name="testclass.ConfirmationTest">
        <test-method is-config="true" signature="setup()[pri:0, instance:testclass.ConfirmationTest@d35dea7]" started-at="2026-01-30T14:44:36 IST" name="setup" finished-at="2026-01-30T14:44:41 IST" duration-ms="4570" status="PASS">
          <reporter-output>
          </reporter-output>
        </test-method> <!-- setup -->
        <test-method is-config="true" signature="objmethod()[pri:0, instance:testclass.ConfirmationTest@d35dea7]" started-at="2026-01-30T14:44:41 IST" name="objmethod" finished-at="2026-01-30T14:44:41 IST" duration-ms="5" status="PASS">
          <reporter-output>
          </reporter-output>
        </test-method> <!-- objmethod -->
        <test-method signature="title()[pri:1, instance:testclass.ConfirmationTest@d35dea7]" started-at="2026-01-30T14:44:41 IST" name="title" finished-at="2026-01-30T14:44:41 IST" duration-ms="73" status="PASS">
          <reporter-output>
          </reporter-output>
        </test-method> <!-- title -->
        <test-method is-config="true" signature="objmethod()[pri:0, instance:testclass.ConfirmationTest@d35dea7]" started-at="2026-01-30T14:44:41 IST" name="objmethod" finished-at="2026-01-30T14:44:41 IST" duration-ms="4" status="PASS">
          <reporter-output>
          </reporter-output>
        </test-method> <!-- objmethod -->
        <test-method signature="bkng()[pri:2, instance:testclass.ConfirmationTest@d35dea7]" started-at="2026-01-30T14:44:41 IST" name="bkng" finished-at="2026-01-30T14:44:41 IST" duration-ms="399" status="PASS">
          <reporter-output>
          </reporter-output>
        </test-method> <!-- bkng -->
        <test-method is-config="true" signature="objmethod()[pri:0, instance:testclass.ConfirmationTest@d35dea7]" started-at="2026-01-30T14:44:41 IST" name="objmethod" finished-at="2026-01-30T14:44:41 IST" duration-ms="2" status="PASS">
          <reporter-output>
          </reporter-output>
        </test-method> <!-- objmethod -->
        <test-method signature="Check()[pri:3, instance:testclass.ConfirmationTest@d35dea7]" started-at="2026-01-30T14:44:41 IST" name="Check" finished-at="2026-01-30T14:44:43 IST" duration-ms="1321" status="PASS">
          <reporter-output>
          </reporter-output>
        </test-method> <!-- Check -->
        <test-method signature="dropdown1()[pri:4, instance:testclass.ConfirmationTest@d35dea7]" started-at="2026-01-30T14:44:43 IST" name="dropdown1" finished-at="2026-01-30T14:44:43 IST" duration-ms="465" status="PASS">
          <reporter-output>
          </reporter-output>
        </test-method> <!-- dropdown1 -->
        <test-method is-config="true" signature="objmethod()[pri:0, instance:testclass.ConfirmationTest@d35dea7]" started-at="2026-01-30T14:44:43 IST" name="objmethod" finished-at="2026-01-30T14:44:43 IST" duration-ms="0" status="PASS">
          <reporter-output>
          </reporter-output>
        </test-method> <!-- objmethod -->
        <test-method signature="dropdown2()[pri:5, instance:testclass.ConfirmationTest@d35dea7]" started-at="2026-01-30T14:44:43 IST" name="dropdown2" finished-at="2026-01-30T14:44:44 IST" duration-ms="410" status="PASS">
          <reporter-output>
          </reporter-output>
        </test-method> <!-- dropdown2 -->
        <test-method is-config="true" signature="objmethod()[pri:0, instance:testclass.ConfirmationTest@d35dea7]" started-at="2026-01-30T14:44:43 IST" name="objmethod" finished-at="2026-01-30T14:44:43 IST" duration-ms="0" status="PASS">
          <reporter-output>
          </reporter-output>
        </test-method> <!-- objmethod -->
        <test-method is-config="true" signature="objmethod()[pri:0, instance:testclass.ConfirmationTest@d35dea7]" started-at="2026-01-30T14:44:44 IST" name="objmethod" finished-at="2026-01-30T14:44:44 IST" duration-ms="10" status="PASS">
          <reporter-output>
          </reporter-output>
        </test-method> <!-- objmethod -->
        <test-method signature="dropdown3()[pri:6, instance:testclass.ConfirmationTest@d35dea7]" started-at="2026-01-30T14:44:44 IST" name="dropdown3" finished-at="2026-01-30T14:44:44 IST" duration-ms="475" status="PASS">
          <reporter-output>
          </reporter-output>
        </test-method> <!-- dropdown3 -->
        <test-method is-config="true" signature="objmethod()[pri:0, instance:testclass.ConfirmationTest@d35dea7]" started-at="2026-01-30T14:44:44 IST" name="objmethod" finished-at="2026-01-30T14:44:44 IST" duration-ms="3" status="PASS">
          <reporter-output>
          </reporter-output>
        </test-method> <!-- objmethod -->
        <test-method signature="date()[pri:7, instance:testclass.ConfirmationTest@d35dea7]" started-at="2026-01-30T14:44:44 IST" name="date" finished-at="2026-01-30T14:44:46 IST" duration-ms="2285" status="PASS">
          <reporter-output>
          </reporter-output>
        </test-method> <!-- date -->
        <test-method is-config="true" signature="objmethod()[pri:0, instance:testclass.ConfirmationTest@d35dea7]" started-at="2026-01-30T14:44:46 IST" name="objmethod" finished-at="2026-01-30T14:44:46 IST" duration-ms="8" status="PASS">
          <reporter-output>
          </reporter-output>
        </test-method> <!-- objmethod -->
        <test-method signature="date1()[pri:8, instance:testclass.ConfirmationTest@d35dea7]" started-at="2026-01-30T14:44:46 IST" name="date1" finished-at="2026-01-30T14:44:48 IST" duration-ms="1520" status="PASS">
          <reporter-output>
          </reporter-output>
        </test-method> <!-- date1 -->
        <test-method is-config="true" signature="objmethod()[pri:0, instance:testclass.ConfirmationTest@d35dea7]" started-at="2026-01-30T14:44:48 IST" name="objmethod" finished-at="2026-01-30T14:44:48 IST" duration-ms="5" status="PASS">
          <reporter-output>
          </reporter-output>
        </test-method> <!-- objmethod -->
        <test-method signature="date2()[pri:9, instance:testclass.ConfirmationTest@d35dea7]" started-at="2026-01-30T14:44:48 IST" name="date2" finished-at="2026-01-30T14:44:50 IST" duration-ms="2165" status="PASS">
          <reporter-output>
          </reporter-output>
        </test-method> <!-- date2 -->
        <test-method is-config="true" signature="objmethod()[pri:0, instance:testclass.ConfirmationTest@d35dea7]" started-at="2026-01-30T14:44:50 IST" name="objmethod" finished-at="2026-01-30T14:44:50 IST" duration-ms="1" status="PASS">
          <reporter-output>
          </reporter-output>
        </test-method> <!-- objmethod -->
        <test-method signature="search()[pri:10, instance:testclass.ConfirmationTest@d35dea7]" started-at="2026-01-30T14:44:50 IST" name="search" finished-at="2026-01-30T14:44:50 IST" duration-ms="328" status="PASS">
          <reporter-output>
          </reporter-output>
        </test-method> <!-- search -->
        <test-method is-config="true" signature="objmethod()[pri:0, instance:testclass.ConfirmationTest@d35dea7]" started-at="2026-01-30T14:44:50 IST" name="objmethod" finished-at="2026-01-30T14:44:50 IST" duration-ms="2" status="PASS">
          <reporter-output>
          </reporter-output>
        </test-method> <!-- objmethod -->
        <test-method signature="screenshot()[pri:11, instance:testclass.ConfirmationTest@d35dea7]" started-at="2026-01-30T14:44:50 IST" name="screenshot" finished-at="2026-01-30T14:44:54 IST" duration-ms="3450" status="PASS">
          <reporter-output>
          </reporter-output>
        </test-method> <!-- screenshot -->
        <test-method is-config="true" signature="objmethod()[pri:0, instance:testclass.ConfirmationTest@d35dea7]" started-at="2026-01-30T14:44:54 IST" name="objmethod" finished-at="2026-01-30T14:44:54 IST" duration-ms="16" status="PASS">
          <reporter-output>
          </reporter-output>
        </test-method> <!-- objmethod -->
        <test-method signature="booking()[pri:12, instance:testclass.ConfirmationTest@d35dea7]" started-at="2026-01-30T14:44:54 IST" name="booking" finished-at="2026-01-30T14:44:57 IST" duration-ms="2991" status="PASS">
          <reporter-output>
          </reporter-output>
        </test-method> <!-- booking -->
        <test-method is-config="true" signature="objmethod()[pri:0, instance:testclass.ConfirmationTest@d35dea7]" started-at="2026-01-30T14:44:57 IST" name="objmethod" finished-at="2026-01-30T14:44:57 IST" duration-ms="4" status="PASS">
          <reporter-output>
          </reporter-output>
        </test-method> <!-- objmethod -->
        <test-method signature="checkboxalert()[pri:13, instance:testclass.ConfirmationTest@d35dea7]" started-at="2026-01-30T14:44:57 IST" name="checkboxalert" finished-at="2026-01-30T14:44:57 IST" duration-ms="407" status="PASS">
          <reporter-output>
          </reporter-output>
        </test-method> <!-- checkboxalert -->
        <test-method is-config="true" signature="objmethod()[pri:0, instance:testclass.ConfirmationTest@d35dea7]" started-at="2026-01-30T14:44:57 IST" name="objmethod" finished-at="2026-01-30T14:44:57 IST" duration-ms="7" status="PASS">
          <reporter-output>
          </reporter-output>
        </test-method> <!-- objmethod -->
        <test-method signature="alert()[pri:14, instance:testclass.ConfirmationTest@d35dea7]" started-at="2026-01-30T14:44:57 IST" name="alert" finished-at="2026-01-30T14:44:58 IST" duration-ms="297" status="PASS">
          <reporter-output>
          </reporter-output>
        </test-method> <!-- alert -->
        <test-method is-config="true" signature="objmethod()[pri:0, instance:testclass.ConfirmationTest@d35dea7]" started-at="2026-01-30T14:44:58 IST" name="objmethod" finished-at="2026-01-30T14:44:58 IST" duration-ms="12" status="PASS">
          <reporter-output>
          </reporter-output>
        </test-method> <!-- objmethod -->
        <test-method signature="screenshot2()[pri:15, instance:testclass.ConfirmationTest@d35dea7]" started-at="2026-01-30T14:44:58 IST" name="screenshot2" finished-at="2026-01-30T14:45:01 IST" duration-ms="3481" status="PASS">
          <reporter-output>
          </reporter-output>
        </test-method> <!-- screenshot2 -->
      </class> <!-- testclass.ConfirmationTest -->
      <class name="testclass.HomepageTest">
        <test-method is-config="true" signature="setup()[pri:0, instance:testclass.HomepageTest@2362f559]" started-at="2026-01-30T14:44:11 IST" name="setup" finished-at="2026-01-30T14:44:16 IST" duration-ms="4636" status="PASS">
          <reporter-output>
          </reporter-output>
        </test-method> <!-- setup -->
        <test-method is-config="true" signature="objmethod()[pri:0, instance:testclass.HomepageTest@2362f559]" started-at="2026-01-30T14:44:16 IST" name="objmethod" finished-at="2026-01-30T14:44:16 IST" duration-ms="107" status="PASS">
          <reporter-output>
          </reporter-output>
        </test-method> <!-- objmethod -->
        <test-method signature="title()[pri:1, instance:testclass.HomepageTest@2362f559]" started-at="2026-01-30T14:44:16 IST" name="title" finished-at="2026-01-30T14:44:16 IST" duration-ms="106" status="PASS">
          <reporter-output>
          </reporter-output>
        </test-method> <!-- title -->
        <test-method is-config="true" signature="objmethod()[pri:0, instance:testclass.HomepageTest@2362f559]" started-at="2026-01-30T14:44:16 IST" name="objmethod" finished-at="2026-01-30T14:44:16 IST" duration-ms="0" status="PASS">
          <reporter-output>
          </reporter-output>
        </test-method> <!-- objmethod -->
        <test-method signature="bkng()[pri:2, instance:testclass.HomepageTest@2362f559]" started-at="2026-01-30T14:44:16 IST" name="bkng" finished-at="2026-01-30T14:44:16 IST" duration-ms="323" status="PASS">
          <reporter-output>
          </reporter-output>
        </test-method> <!-- bkng -->
        <test-method is-config="true" signature="objmethod()[pri:0, instance:testclass.HomepageTest@2362f559]" started-at="2026-01-30T14:44:16 IST" name="objmethod" finished-at="2026-01-30T14:44:16 IST" duration-ms="9" status="PASS">
          <reporter-output>
          </reporter-output>
        </test-method> <!-- objmethod -->
        <test-method signature="Check()[pri:3, instance:testclass.HomepageTest@2362f559]" started-at="2026-01-30T14:44:16 IST" name="Check" finished-at="2026-01-30T14:44:18 IST" duration-ms="1483" status="PASS">
          <reporter-output>
          </reporter-output>
        </test-method> <!-- Check -->
      </class> <!-- testclass.HomepageTest -->
    </test> <!-- Test -->
  </suite> <!-- Suite -->
</testng-results>
