<?xml version="1.0" encoding="UTF-8"?>
<!-- Generated by org.testng.reporters.JUnitReportReporter -->
<testsuite hostname="Anakha" failures="0" tests="10" name="testclass.BookingTest" time="11.202" errors="0" timestamp="2025-12-27T17:40:43 IST" skipped="0">
  <testcase classname="testclass.BookingTest" name="title" time="0.052"/>
  <testcase classname="testclass.BookingTest" name="bkng" time="0.261"/>
  <testcase classname="testclass.BookingTest" name="Check" time="1.244"/>
  <testcase classname="testclass.BookingTest" name="dropdown1" time="0.423"/>
  <testcase classname="testclass.BookingTest" name="dropdown2" time="0.375"/>
  <testcase classname="testclass.BookingTest" name="dropdown3" time="0.421"/>
  <testcase classname="testclass.BookingTest" name="date" time="3.239"/>
  <testcase classname="testclass.BookingTest" name="date1" time="2.085"/>
  <testcase classname="testclass.BookingTest" name="date2" time="2.760"/>
  <testcase classname="testclass.BookingTest" name="search" time="0.342"/>
</testsuite> <!-- testclass.BookingTest -->
