<?xml version="1.0" encoding="UTF-8"?>
<!-- Generated by org.testng.reporters.JUnitReportReporter -->
<testsuite hostname="Anakha" failures="0" tests="12" name="testclass.ConfirmationTest$BookingTest" time="0.007" errors="1" timestamp="2025-12-26T23:22:02 IST" skipped="11">
  <testcase classname="testclass.ConfirmationTest$BookingTest" name="objmethod" time="0.004">
    <error message="Unresolved compilation problem: 
	The constructor ConfirmationPage() is undefined
" type="java.lang.Error">
      <![CDATA[java.lang.Error: Unresolved compilation problem: 
The constructor ConfirmationPage() is undefined

at basepkg.Baseclass.objmethod(Baseclass.java:37)
at java.base/jdk.internal.reflect.DirectMethodHandleAccessor.invoke(DirectMethodHandleAccessor.java:103)
at java.base/java.lang.reflect.Method.invoke(Method.java:580)
at org.testng.internal.invokers.MethodInvocationHelper.invokeMethod(MethodInvocationHelper.java:141)
at org.testng.internal.invokers.MethodInvocationHelper.invokeMethodConsideringTimeout(MethodInvocationHelper.java:71)
at org.testng.internal.invokers.ConfigInvoker.invokeConfigurationMethod(ConfigInvoker.java:400)
at org.testng.internal.invokers.ConfigInvoker.invokeConfigurations(ConfigInvoker.java:333)
at org.testng.internal.invokers.TestInvoker.runConfigMethods(TestInvoker.java:836)
at org.testng.internal.invokers.TestInvoker.invokeMethod(TestInvoker.java:601)
at org.testng.internal.invokers.TestInvoker.invokeTestMethod(TestInvoker.java:230)
at org.testng.internal.invokers.MethodRunner.runInSequence(MethodRunner.java:63)
at org.testng.internal.invokers.TestInvoker$MethodInvocationAgent.invoke(TestInvoker.java:995)
at org.testng.internal.invokers.TestInvoker.invokeTestMethods(TestInvoker.java:203)
at org.testng.internal.invokers.TestMethodWorker.invokeTestMethods(TestMethodWorker.java:154)
at org.testng.internal.invokers.TestMethodWorker.run(TestMethodWorker.java:134)
at java.base/java.util.ArrayList.forEach(ArrayList.java:1596)
at org.testng.TestRunner.privateRun(TestRunner.java:741)
at org.testng.TestRunner.run(TestRunner.java:616)
at org.testng.SuiteRunner.runTest(SuiteRunner.java:421)
at org.testng.SuiteRunner.runSequentially(SuiteRunner.java:413)
at org.testng.SuiteRunner.privateRun(SuiteRunner.java:373)
at org.testng.SuiteRunner.run(SuiteRunner.java:312)
at org.testng.SuiteRunnerWorker.runSuite(SuiteRunnerWorker.java:52)
at org.testng.SuiteRunnerWorker.run(SuiteRunnerWorker.java:95)
at org.testng.TestNG.runSuitesSequentially(TestNG.java:1274)
at org.testng.TestNG.runSuitesLocally(TestNG.java:1208)
at org.testng.TestNG.runSuites(TestNG.java:1112)
at org.testng.TestNG.run(TestNG.java:1079)
at org.testng.remote.AbstractRemoteTestNG.run(AbstractRemoteTestNG.java:115)
at org.testng.remote.RemoteTestNG.initAndRun(RemoteTestNG.java:293)
at org.testng.remote.RemoteTestNG.main(RemoteTestNG.java:91)
]]>
    </error>
  </testcase> <!-- objmethod -->
  <testcase classname="testclass.ConfirmationTest$BookingTest" name="title" time="0.001">
    <skipped/>
  </testcase> <!-- title -->
  <testcase classname="testclass.ConfirmationTest$BookingTest" name="bkng" time="0.000">
    <skipped/>
  </testcase> <!-- bkng -->
  <testcase classname="testclass.ConfirmationTest$BookingTest" name="Check" time="0.000">
    <skipped/>
  </testcase> <!-- Check -->
  <testcase classname="testclass.ConfirmationTest$BookingTest" name="dropdown1" time="0.000">
    <skipped/>
  </testcase> <!-- dropdown1 -->
  <testcase classname="testclass.ConfirmationTest$BookingTest" name="dropdown2" time="0.000">
    <skipped/>
  </testcase> <!-- dropdown2 -->
  <testcase classname="testclass.ConfirmationTest$BookingTest" name="dropdown3" time="0.000">
    <skipped/>
  </testcase> <!-- dropdown3 -->
  <testcase classname="testclass.ConfirmationTest$BookingTest" name="date" time="0.001">
    <skipped/>
  </testcase> <!-- date -->
  <testcase classname="testclass.ConfirmationTest$BookingTest" name="date1" time="0.000">
    <skipped/>
  </testcase> <!-- date1 -->
  <testcase classname="testclass.ConfirmationTest$BookingTest" name="date2" time="0.000">
    <skipped/>
  </testcase> <!-- date2 -->
  <testcase classname="testclass.ConfirmationTest$BookingTest" name="search" time="0.001">
    <skipped/>
  </testcase> <!-- search -->
  <testcase classname="testclass.ConfirmationTest$BookingTest" name="screenshot" time="0.000">
    <skipped/>
  </testcase> <!-- screenshot -->
</testsuite> <!-- testclass.ConfirmationTest$BookingTest -->
