<?xml version="1.0" encoding="UTF-8"?>
<!-- Generated by org.testng.reporters.JUnitReportReporter -->
<testsuite hostname="Anakha" failures="0" tests="17" name="testclass.DatadrivenTest" time="22.799" errors="1" timestamp="2025-12-27T13:51:44 IST" skipped="0">
  <testcase classname="testclass.DatadrivenTest" name="title" time="0.102"/>
  <testcase classname="testclass.DatadrivenTest" name="bkng" time="0.305"/>
  <testcase classname="testclass.DatadrivenTest" name="Check" time="2.028"/>
  <testcase classname="testclass.DatadrivenTest" name="dropdown1" time="0.459"/>
  <testcase classname="testclass.DatadrivenTest" name="dropdown2" time="0.459"/>
  <testcase classname="testclass.DatadrivenTest" name="dropdown3" time="0.405"/>
  <testcase classname="testclass.DatadrivenTest" name="date" time="2.790"/>
  <testcase classname="testclass.DatadrivenTest" name="date1" time="1.517"/>
  <testcase classname="testclass.DatadrivenTest" name="date2" time="2.868"/>
  <testcase classname="testclass.DatadrivenTest" name="search" time="0.286"/>
  <testcase classname="testclass.DatadrivenTest" name="screenshot" time="3.470"/>
  <testcase classname="testclass.DatadrivenTest" name="booking" time="3.422"/>
  <testcase classname="testclass.DatadrivenTest" name="checkboxalert" time="0.349"/>
  <testcase classname="testclass.DatadrivenTest" name="alert" time="0.288"/>
  <testcase classname="testclass.DatadrivenTest" name="radio" time="0.376"/>
  <testcase classname="testclass.DatadrivenTest" name="Booking" time="1.311"/>
  <testcase classname="testclass.DatadrivenTest" name="data" time="2.364">
    <error message="Cannot invoke &quot;org.apache.poi.xssf.usermodel.XSSFSheet.getLastRowNum()&quot; because &quot;sh&quot; is null" type="java.lang.NullPointerException">
      <![CDATA[java.lang.NullPointerException: Cannot invoke "org.apache.poi.xssf.usermodel.XSSFSheet.getLastRowNum()" because "sh" is null
at pageclass.Datadriven.datadriven(Datadriven.java:35)
at testclass.DatadrivenTest.data(DatadrivenTest.java:97)
at java.base/jdk.internal.reflect.DirectMethodHandleAccessor.invoke(DirectMethodHandleAccessor.java:103)
at java.base/java.lang.reflect.Method.invoke(Method.java:580)
at org.testng.internal.invokers.MethodInvocationHelper.invokeMethod(MethodInvocationHelper.java:141)
at org.testng.internal.invokers.TestInvoker.invokeMethod(TestInvoker.java:687)
at org.testng.internal.invokers.TestInvoker.invokeTestMethod(TestInvoker.java:230)
at org.testng.internal.invokers.MethodRunner.runInSequence(MethodRunner.java:63)
at org.testng.internal.invokers.TestInvoker$MethodInvocationAgent.invoke(TestInvoker.java:995)
at org.testng.internal.invokers.TestInvoker.invokeTestMethods(TestInvoker.java:203)
at org.testng.internal.invokers.TestMethodWorker.invokeTestMethods(TestMethodWorker.java:154)
at org.testng.internal.invokers.TestMethodWorker.run(TestMethodWorker.java:134)
at java.base/java.util.ArrayList.forEach(ArrayList.java:1596)
at org.testng.TestRunner.privateRun(TestRunner.java:741)
at org.testng.TestRunner.run(TestRunner.java:616)
at org.testng.SuiteRunner.runTest(SuiteRunner.java:421)
at org.testng.SuiteRunner.runSequentially(SuiteRunner.java:413)
at org.testng.SuiteRunner.privateRun(SuiteRunner.java:373)
at org.testng.SuiteRunner.run(SuiteRunner.java:312)
at org.testng.SuiteRunnerWorker.runSuite(SuiteRunnerWorker.java:52)
at org.testng.SuiteRunnerWorker.run(SuiteRunnerWorker.java:95)
at org.testng.TestNG.runSuitesSequentially(TestNG.java:1274)
at org.testng.TestNG.runSuitesLocally(TestNG.java:1208)
at org.testng.TestNG.runSuites(TestNG.java:1112)
at org.testng.TestNG.run(TestNG.java:1079)
at org.testng.remote.AbstractRemoteTestNG.run(AbstractRemoteTestNG.java:115)
at org.testng.remote.RemoteTestNG.initAndRun(RemoteTestNG.java:293)
at org.testng.remote.RemoteTestNG.main(RemoteTestNG.java:91)
]]>
    </error>
  </testcase> <!-- data -->
</testsuite> <!-- testclass.DatadrivenTest -->
