<?xml version="1.0" encoding="UTF-8"?>
<!-- Generated by org.testng.reporters.JUnitReportReporter -->
<testsuite hostname="Anakha" failures="0" tests="15" name="testclass.RequestdetailsTest" time="15.756" errors="0" timestamp="2025-12-27T12:34:52 IST" skipped="0">
  <testcase classname="testclass.RequestdetailsTest" name="title" time="0.097"/>
  <testcase classname="testclass.RequestdetailsTest" name="bkng" time="0.247"/>
  <testcase classname="testclass.RequestdetailsTest" name="Check" time="1.906"/>
  <testcase classname="testclass.RequestdetailsTest" name="dropdown1" time="0.389"/>
  <testcase classname="testclass.RequestdetailsTest" name="dropdown2" time="0.381"/>
  <testcase classname="testclass.RequestdetailsTest" name="dropdown3" time="0.359"/>
  <testcase classname="testclass.RequestdetailsTest" name="date" time="2.255"/>
  <testcase classname="testclass.RequestdetailsTest" name="date1" time="1.078"/>
  <testcase classname="testclass.RequestdetailsTest" name="date2" time="2.010"/>
  <testcase classname="testclass.RequestdetailsTest" name="search" time="0.292"/>
  <testcase classname="testclass.RequestdetailsTest" name="screenshot" time="3.289"/>
  <testcase classname="testclass.RequestdetailsTest" name="booking" time="2.909"/>
  <testcase classname="testclass.RequestdetailsTest" name="checkboxalert" time="0.164"/>
  <testcase classname="testclass.RequestdetailsTest" name="alert" time="0.159"/>
  <testcase classname="testclass.RequestdetailsTest" name="radio" time="0.221"/>
</testsuite> <!-- testclass.RequestdetailsTest -->
