<?xml version="1.0" encoding="UTF-8"?>
<!-- Generated by org.testng.reporters.JUnitReportReporter -->
<testsuite hostname="Anakha" failures="0" tests="17" name="reports.Extreports" time="21.433" errors="1" timestamp="2025-12-27T15:22:31 IST" skipped="0">
  <testcase classname="reports.Extreports" name="endReport" time="0.020">
    <error message="Cannot invoke &quot;com.aventstack.extentreports.ExtentReports.flush()&quot; because &quot;basepkg.Baseclass.extent&quot; is null" type="java.lang.NullPointerException">
      <![CDATA[java.lang.NullPointerException: Cannot invoke "com.aventstack.extentreports.ExtentReports.flush()" because "basepkg.Baseclass.extent" is null
at basepkg.Baseclass.endReport(Baseclass.java:54)
at java.base/jdk.internal.reflect.DirectMethodHandleAccessor.invoke(DirectMethodHandleAccessor.java:103)
at java.base/java.lang.reflect.Method.invoke(Method.java:580)
at org.testng.internal.invokers.MethodInvocationHelper.invokeMethod(MethodInvocationHelper.java:141)
at org.testng.internal.invokers.MethodInvocationHelper.invokeMethodConsideringTimeout(MethodInvocationHelper.java:71)
at org.testng.internal.invokers.ConfigInvoker.invokeConfigurationMethod(ConfigInvoker.java:400)
at org.testng.internal.invokers.ConfigInvoker.invokeConfigurations(ConfigInvoker.java:333)
at org.testng.SuiteRunner.privateRun(SuiteRunner.java:386)
at org.testng.SuiteRunner.run(SuiteRunner.java:312)
at org.testng.SuiteRunnerWorker.runSuite(SuiteRunnerWorker.java:52)
at org.testng.SuiteRunnerWorker.run(SuiteRunnerWorker.java:95)
at org.testng.TestNG.runSuitesSequentially(TestNG.java:1274)
at org.testng.TestNG.runSuitesLocally(TestNG.java:1208)
at org.testng.TestNG.runSuites(TestNG.java:1112)
at org.testng.TestNG.run(TestNG.java:1079)
at org.testng.remote.AbstractRemoteTestNG.run(AbstractRemoteTestNG.java:115)
at org.testng.remote.RemoteTestNG.initAndRun(RemoteTestNG.java:293)
at org.testng.remote.RemoteTestNG.main(RemoteTestNG.java:91)
]]>
    </error>
  </testcase> <!-- endReport -->
  <testcase classname="reports.Extreports" name="title" time="0.234"/>
  <testcase classname="reports.Extreports" name="bkng" time="0.286"/>
  <testcase classname="reports.Extreports" name="Check" time="1.848"/>
  <testcase classname="reports.Extreports" name="dropdown1" time="0.489"/>
  <testcase classname="reports.Extreports" name="dropdown2" time="0.448"/>
  <testcase classname="reports.Extreports" name="dropdown3" time="0.439"/>
  <testcase classname="reports.Extreports" name="date" time="2.894"/>
  <testcase classname="reports.Extreports" name="date1" time="1.672"/>
  <testcase classname="reports.Extreports" name="date2" time="2.870"/>
  <testcase classname="reports.Extreports" name="search" time="0.310"/>
  <testcase classname="reports.Extreports" name="screenshot" time="3.257"/>
  <testcase classname="reports.Extreports" name="booking" time="2.368"/>
  <testcase classname="reports.Extreports" name="checkboxalert" time="0.389"/>
  <testcase classname="reports.Extreports" name="alert" time="0.308"/>
  <testcase classname="reports.Extreports" name="radio" time="0.359"/>
  <testcase classname="reports.Extreports" name="screenshot2" time="3.242"/>
</testsuite> <!-- reports.Extreports -->
