<?xml version="1.0" encoding="UTF-8"?>
<!-- Generated by org.testng.reporters.JUnitReportReporter -->
<testsuite hostname="Anakha" failures="0" tests="10" name="testclass.BookingTest" time="10.460" errors="0" timestamp="2026-01-30T14:45:02 IST" skipped="0">
  <testcase classname="testclass.BookingTest" name="title" time="0.075"/>
  <testcase classname="testclass.BookingTest" name="bkng" time="0.437"/>
  <testcase classname="testclass.BookingTest" name="Check" time="1.824"/>
  <testcase classname="testclass.BookingTest" name="dropdown1" time="0.546"/>
  <testcase classname="testclass.BookingTest" name="dropdown2" time="0.508"/>
  <testcase classname="testclass.BookingTest" name="dropdown3" time="0.415"/>
  <testcase classname="testclass.BookingTest" name="date" time="2.609"/>
  <testcase classname="testclass.BookingTest" name="date1" time="1.573"/>
  <testcase classname="testclass.BookingTest" name="date2" time="2.142"/>
  <testcase classname="testclass.BookingTest" name="search" time="0.331"/>
</testsuite> <!-- testclass.BookingTest -->
