<?xml version="1.0" encoding="UTF-8"?>
<!-- Generated by org.testng.reporters.JUnitReportReporter -->
<testsuite hostname="Anakha" failures="0" tests="3" name="testclass.HomepageTest" time="2.028" errors="0" timestamp="2026-01-30T14:45:02 IST" skipped="0">
  <testcase classname="testclass.HomepageTest" name="title" time="0.106"/>
  <testcase classname="testclass.HomepageTest" name="bkng" time="0.430"/>
  <testcase classname="testclass.HomepageTest" name="Check" time="1.492"/>
</testsuite> <!-- testclass.HomepageTest -->
