<?xml version="1.0" encoding="UTF-8"?>
<!-- Generated by org.testng.reporters.JUnitReportReporter -->
<testsuite hostname="Anakha" failures="0" tests="15" name="testclass.ConfirmationTest" time="20.146" errors="0" timestamp="2026-01-30T14:45:02 IST" skipped="0">
  <testcase classname="testclass.ConfirmationTest" name="title" time="0.075"/>
  <testcase classname="testclass.ConfirmationTest" name="bkng" time="0.401"/>
  <testcase classname="testclass.ConfirmationTest" name="Check" time="1.328"/>
  <testcase classname="testclass.ConfirmationTest" name="dropdown1" time="0.473"/>
  <testcase classname="testclass.ConfirmationTest" name="dropdown2" time="0.415"/>
  <testcase classname="testclass.ConfirmationTest" name="dropdown3" time="0.475"/>
  <testcase classname="testclass.ConfirmationTest" name="date" time="2.295"/>
  <testcase classname="testclass.ConfirmationTest" name="date1" time="1.521"/>
  <testcase classname="testclass.ConfirmationTest" name="date2" time="2.169"/>
  <testcase classname="testclass.ConfirmationTest" name="search" time="0.332"/>
  <testcase classname="testclass.ConfirmationTest" name="screenshot" time="3.453"/>
  <testcase classname="testclass.ConfirmationTest" name="booking" time="3.003"/>
  <testcase classname="testclass.ConfirmationTest" name="checkboxalert" time="0.407"/>
  <testcase classname="testclass.ConfirmationTest" name="alert" time="0.313"/>
  <testcase classname="testclass.ConfirmationTest" name="screenshot2" time="3.486"/>
</testsuite> <!-- testclass.ConfirmationTest -->
