<?xml version="1.0" encoding="UTF-8"?>
<!-- Generated by org.testng.reporters.JUnitReportReporter -->
<testsuite hostname="Anakha" failures="0" tests="16" name="testclass.ConfirmationTest" time="21.283" errors="0" timestamp="2025-12-27T17:40:43 IST" skipped="0">
  <testcase classname="testclass.ConfirmationTest" name="title" time="0.061"/>
  <testcase classname="testclass.ConfirmationTest" name="bkng" time="0.305"/>
  <testcase classname="testclass.ConfirmationTest" name="Check" time="1.349"/>
  <testcase classname="testclass.ConfirmationTest" name="dropdown1" time="0.530"/>
  <testcase classname="testclass.ConfirmationTest" name="dropdown2" time="0.499"/>
  <testcase classname="testclass.ConfirmationTest" name="dropdown3" time="0.542"/>
  <testcase classname="testclass.ConfirmationTest" name="date" time="3.089"/>
  <testcase classname="testclass.ConfirmationTest" name="date1" time="1.583"/>
  <testcase classname="testclass.ConfirmationTest" name="date2" time="2.778"/>
  <testcase classname="testclass.ConfirmationTest" name="search" time="0.344"/>
  <testcase classname="testclass.ConfirmationTest" name="screenshot" time="3.487"/>
  <testcase classname="testclass.ConfirmationTest" name="booking" time="1.850"/>
  <testcase classname="testclass.ConfirmationTest" name="checkboxalert" time="0.422"/>
  <testcase classname="testclass.ConfirmationTest" name="alert" time="0.299"/>
  <testcase classname="testclass.ConfirmationTest" name="radio" time="0.371"/>
  <testcase classname="testclass.ConfirmationTest" name="screenshot2" time="3.774"/>
</testsuite> <!-- testclass.ConfirmationTest -->
