<?xml version="1.0" encoding="UTF-8"?>
<!-- Generated by org.testng.reporters.JUnitReportReporter -->
<testsuite hostname="Anakha" failures="0" tests="3" name="testclass.HomepageTest" time="2.161" errors="0" timestamp="2025-12-27T17:40:43 IST" skipped="0">
  <testcase classname="testclass.HomepageTest" name="title" time="0.073"/>
  <testcase classname="testclass.HomepageTest" name="bkng" time="0.382"/>
  <testcase classname="testclass.HomepageTest" name="Check" time="1.706"/>
</testsuite> <!-- testclass.HomepageTest -->
